epoch,accuracy,loss,lr,val_accuracy,val_loss
0,0.2575540244579315,3.9908254146575928,0.001,0.4195166528224945,3.724376916885376
1,0.29510921239852905,3.779508352279663,0.001,0.4131326973438263,3.558411121368408
2,0.29304513335227966,3.6267199516296387,0.001,0.37437301874160767,3.431643009185791
3,0.28605011105537415,3.4814069271087646,0.001,0.3962608277797699,3.300342559814453
4,0.2956825792789459,3.3442599773406982,0.001,0.3921568691730499,3.169870138168335
5,0.30210423469543457,3.204855442047119,0.001,0.4058367609977722,3.053452253341675
6,0.29447853565216064,3.0856082439422607,0.001,0.357957124710083,2.941654682159424
7,0.30055615305900574,2.963406562805176,0.001,0.37254902720451355,2.8268039226531982
8,0.3069778084754944,2.8434534072875977,0.001,0.35385316610336304,2.708691120147705
9,0.3053723871707916,2.72405743598938,0.001,0.3885088860988617,2.6081204414367676
10,0.30795252323150635,2.6185460090637207,0.001,0.35430917143821716,2.53224515914917
11,0.3061177730560303,2.5196533203125,0.001,0.4131326973438263,2.414224624633789
12,0.3138008117675781,2.4231462478637695,0.001,0.18559052050113678,2.367657423019409
13,0.3055444061756134,2.3265185356140137,0.001,0.38942089676856995,2.224538564682007
14,0.3080098628997803,2.2337818145751953,0.001,0.2991335988044739,2.1534533500671387
15,0.316724956035614,2.143462896347046,0.001,0.19744642078876495,2.08771014213562
16,0.31133535504341125,2.0657565593719482,0.001,0.3780209720134735,1.9833437204360962
17,0.3299696147441864,1.9804646968841553,0.001,0.3889648914337158,1.91448175907135
18,0.32085317373275757,1.9014955759048462,0.001,0.37391701340675354,1.8331079483032227
19,0.3263574242591858,1.82923424243927,0.001,0.3775649666786194,1.766579031944275
20,0.32480934262275696,1.7602416276931763,0.001,0.3533971607685089,1.6999410390853882
21,0.33151769638061523,1.691964864730835,0.001,0.3989968001842499,1.6338285207748413
22,0.3362765908241272,1.6316574811935425,0.001,0.3702690303325653,1.5765069723129272
23,0.32756149768829346,1.5709357261657715,0.001,0.34518924355506897,1.5231531858444214
24,0.33220571279525757,1.5093740224838257,0.001,0.3812129497528076,1.4548600912094116
25,0.33598992228507996,1.4557960033416748,0.001,0.35111719369888306,1.4302576780319214
26,0.33277907967567444,1.4054540395736694,0.001,0.39534884691238403,1.3622703552246094
27,0.3441316485404968,1.3519577980041504,0.001,0.38486093282699585,1.3106318712234497
28,0.35410812497138977,1.3057571649551392,0.001,0.359325110912323,1.275437593460083
29,0.33025628328323364,1.2597312927246094,0.001,0.37847697734832764,1.2151367664337158
30,0.3520440459251404,1.2163556814193726,0.001,0.3944368362426758,1.1777805089950562
31,0.3561148941516876,1.1718813180923462,0.001,0.3378933072090149,1.1405166387557983
32,0.35852301120758057,1.1368224620819092,0.001,0.39534884691238403,1.105424165725708
33,0.34539303183555603,1.097848653793335,0.001,0.4044687747955322,1.072205901145935
34,0.3542228043079376,1.065106749534607,0.001,0.40173277258872986,1.0297760963439941
35,0.3668367564678192,1.0289502143859863,0.001,0.4040127694606781,1.0067973136901855
36,0.3680408298969269,1.0000479221343994,0.001,0.36798906326293945,0.9739440679550171
37,0.3640272915363312,0.969748318195343,0.001,0.3889648914337158,0.9458758234977722
38,0.3674101233482361,0.9400213360786438,0.001,0.3948928415775299,0.9185692071914673
39,0.37176766991615295,0.9155415892601013,0.001,0.36479708552360535,0.8979591727256775
40,0.36207786202430725,0.8921593427658081,0.001,0.41222071647644043,0.8712377548217773
41,0.3773292899131775,0.8681192398071289,0.001,0.4145006835460663,0.8552895188331604
42,0.37130898237228394,0.8454098105430603,0.001,0.3898768723011017,0.83163982629776
43,0.38059744238853455,0.8251916170120239,0.001,0.3684450387954712,0.8101853132247925
44,0.37950804829597473,0.8048765659332275,0.001,0.4135887026786804,0.791896641254425
45,0.3862163722515106,0.7861138582229614,0.001,0.4149566888809204,0.7686551809310913
46,0.39097529649734497,0.7692063450813293,0.001,0.40948471426963806,0.7548015713691711
47,0.390459269285202,0.7527360916137695,0.001,0.42134061455726624,0.7415473461151123
48,0.390000581741333,0.7388793230056763,0.001,0.4103967249393463,0.7252334952354431
49,0.3981996476650238,0.7247311472892761,0.001,0.41267669200897217,0.7139505743980408
50,0.3977409601211548,0.7111999988555908,0.001,0.4131326973438263,0.701798141002655
51,0.3916633129119873,0.6994059681892395,0.001,0.42042863368988037,0.6875962018966675
52,0.4000343978404999,0.6877299547195435,0.001,0.41860464215278625,0.6775906682014465
53,0.3998623788356781,0.6767662167549133,0.001,0.41997262835502625,0.6682078838348389
54,0.4074881076812744,0.6674609780311584,0.001,0.40492475032806396,0.6619821786880493
55,0.4026145339012146,0.6577996015548706,0.001,0.41860464215278625,0.6514174342155457
56,0.4022131860256195,0.650530219078064,0.001,0.41997262835502625,0.6454594135284424
57,0.4034745693206787,0.6407235860824585,0.001,0.41860464215278625,0.6347407698631287
58,0.4104122519493103,0.6330916285514832,0.001,0.4190606474876404,0.6273866295814514
59,0.4102402329444885,0.627097487449646,0.001,0.4195166528224945,0.6219187378883362
60,0.4114443063735962,0.6200339198112488,0.001,0.4195166528224945,0.6170238256454468
61,0.4128777086734772,0.6143267154693604,0.001,0.4167806804180145,0.6113055348396301
62,0.41155895590782166,0.6085878014564514,0.001,0.4195166528224945,0.6047719717025757
63,0.4105842411518097,0.6035118699073792,0.001,0.4195166528224945,0.6006690263748169
64,0.4137950837612152,0.5982112288475037,0.001,0.41997262835502625,0.5964647531509399
65,0.4133363962173462,0.5946535468101501,0.001,0.42042863368988037,0.5917230248451233
66,0.41643252968788147,0.5903140306472778,0.001,0.4195166528224945,0.589513897895813
67,0.41551515460014343,0.5861796140670776,0.001,0.4195166528224945,0.5854344964027405
68,0.4118456542491913,0.5841410756111145,0.001,0.4195166528224945,0.581771731376648
69,0.4156871736049652,0.5800974369049072,0.001,0.4195166528224945,0.5787214636802673
